2025-05-15 22:54:54,176 - Player 2 placed O at position 5
2025-05-15 22:55:05,522 - Player 1 placed X at position 1
2025-05-15 22:55:18,167 - Player 2 placed O at position 9
2025-05-15 22:55:56,506 - Player 1 placed X at position 3
2025-05-15 22:56:16,132 - Player 2 placed O at position 2
2025-05-15 22:56:18,715 - Player 1 placed X at position 8
2025-05-15 22:56:41,509 - Player 2 placed O at position 6
2025-05-15 22:56:45,562 - Player 1 placed X at position 4
2025-05-15 22:56:50,212 - Player 2 placed O at position 7
2025-05-15 22:57:11,697 - AI placed O at position 5
2025-05-15 22:57:12,113 - Player 1 placed X at position 1
2025-05-15 22:57:18,891 - AI placed O at position 3
2025-05-15 22:57:18,900 - Player 1 placed X at position 7
2025-05-15 22:57:24,391 - AI placed O at position 4
2025-05-15 22:57:24,393 - Player 1 placed X at position 6
2025-05-15 22:57:29,503 - AI placed O at position 8
2025-05-15 22:57:29,503 - Player 1 placed X at position 2
2025-05-15 22:57:32,356 - AI placed O at position 9
2025-05-16 06:33:10,063 - Player 2 placed O at position 3
2025-05-16 06:33:20,341 - Player 1 placed X at position 7
2025-05-16 06:33:35,017 - Player 2 placed O at position 9
2025-05-16 06:33:39,051 - Player 1 placed X at position 6
2025-05-16 06:33:47,579 - Player 2 placed O at position 1
2025-05-16 06:33:51,173 - Player 1 placed X at position 2
2025-05-16 06:33:56,326 - Player 2 placed O at position 5
2025-05-16 06:34:32,550 - Player 2 placed O at position 1
2025-05-16 06:34:39,964 - Player 1 placed X at position 9
2025-05-16 06:34:42,090 - Player 2 placed O at position 3
2025-05-16 06:34:49,696 - Player 1 placed X at position 7
2025-05-16 06:34:52,359 - Player 2 placed O at position 2
2025-05-16 06:35:41,864 - Player 2 placed O at position 9
2025-05-16 06:36:06,943 - Player 1 placed X at position 7
2025-05-16 06:36:17,869 - Player 2 placed O at position 1
2025-05-16 06:36:20,913 - Player 1 placed X at position 5
2025-05-16 06:36:24,619 - Player 2 placed O at position 3
2025-05-16 06:36:32,806 - Player 1 placed X at position 6
2025-05-16 06:36:39,363 - Player 2 placed O at position 4
2025-05-16 06:37:07,121 - Player 1 placed X at position 2
2025-05-16 06:37:11,799 - Player 2 placed O at position 8
2025-05-16 06:37:24,236 - Player 2 placed O at position 3
2025-05-16 06:37:27,096 - Player 1 placed X at position 7
2025-05-16 06:37:35,458 - Player 2 placed O at position 1
2025-05-16 06:37:43,669 - Player 1 placed X at position 2
2025-05-16 06:37:45,682 - Player 2 placed O at position 9
2025-05-16 06:37:51,245 - Player 1 placed X at position 5
2025-05-16 06:37:54,648 - Player 2 placed O at position 6
2025-05-16 06:38:00,973 - AI placed O at position 3
2025-05-16 06:38:01,382 - Player 1 placed X at position 5
2025-05-16 06:38:06,055 - AI placed O at position 9
2025-05-16 06:38:06,066 - Player 1 placed X at position 6
2025-05-16 06:38:14,295 - AI placed O at position 1
2025-05-16 06:38:14,296 - Player 1 placed X at position 4
2025-05-16 06:38:24,635 - AI placed O at position 5
2025-05-16 06:38:25,046 - Player 1 placed X at position 1
2025-05-16 06:38:33,438 - AI placed O at position 3
2025-05-16 06:38:33,449 - Player 1 placed X at position 7
2025-05-16 12:56:45,782 - AI placed O at position 2
2025-05-16 12:56:46,259 - Player 1 placed X at position 1
2025-05-16 12:56:53,243 - AI placed O at position 6
2025-05-16 12:56:53,260 - Player 1 placed X at position 7
2025-05-16 12:56:58,099 - AI placed O at position 4
2025-05-16 12:56:58,101 - Player 1 placed X at position 5
2025-05-16 12:57:04,060 - AI placed O at position 9
2025-05-16 12:57:04,060 - Player 1 placed X at position 3
2025-05-16 12:58:20,526 - AI placed O at position 5
2025-05-16 12:58:20,885 - Player 1 placed X at position 1
2025-05-16 12:58:49,012 - AI placed O at position 3
2025-05-16 12:58:49,024 - Player 1 placed X at position 7
2025-05-16 12:58:53,406 - AI placed O at position 4
2025-05-16 12:58:53,407 - Player 1 placed X at position 6
2025-05-16 12:58:57,445 - AI placed O at position 8
2025-05-16 12:58:57,446 - Player 1 placed X at position 2
2025-05-16 12:58:59,550 - AI placed O at position 9
2025-05-16 12:59:05,865 - AI placed O at position 3
2025-05-16 12:59:06,330 - Player 1 placed X at position 5
2025-05-16 12:59:42,100 - AI placed O at position 1
2025-05-16 12:59:42,115 - Player 1 placed X at position 2
2025-05-16 12:59:46,080 - AI placed O at position 8
2025-05-16 12:59:46,080 - Player 1 placed X at position 4
2025-05-16 12:59:49,296 - AI placed O at position 6
2025-05-16 12:59:49,297 - Player 1 placed X at position 9
2025-05-16 12:59:52,363 - AI placed O at position 7
2025-05-16 13:00:07,849 - AI placed O at position 7
2025-05-16 13:00:08,292 - Player 1 placed X at position 5
2025-05-16 13:00:18,078 - AI placed O at position 3
2025-05-16 13:00:18,089 - Player 1 placed X at position 2
2025-05-16 13:00:21,618 - AI placed O at position 8
2025-05-16 13:00:21,620 - Player 1 placed X at position 9
2025-05-16 13:00:25,613 - AI placed O at position 1
2025-05-16 13:00:25,614 - Player 1 placed X at position 4
2025-05-16 13:00:27,673 - AI placed O at position 6
2025-05-16 13:26:36,738 - AI placed O at position 5
2025-05-16 13:26:37,067 - Player 1 placed X at position 1
2025-05-16 13:26:46,370 - AI placed O at position 4
2025-05-16 13:26:46,385 - Player 1 placed X at position 6
2025-05-16 13:27:07,923 - AI placed O at position 3
2025-05-16 13:27:07,924 - Player 1 placed X at position 7
2025-05-16 13:27:14,521 - AI placed O at position 8
2025-05-16 13:27:14,522 - Player 1 placed X at position 2
2025-05-16 13:27:17,147 - AI placed O at position 9
2025-05-16 13:27:22,990 - AI placed O at position 9
2025-05-16 13:27:23,337 - Player 1 placed X at position 5
2025-05-16 13:27:29,765 - AI placed O at position 1
2025-05-16 13:27:29,777 - Player 1 placed X at position 2
2025-05-16 13:27:32,941 - AI placed O at position 8
2025-05-16 13:27:32,943 - Player 1 placed X at position 7
2025-05-16 13:27:35,779 - AI placed O at position 3
2025-05-16 13:27:35,779 - Player 1 placed X at position 6
2025-05-16 13:27:38,147 - AI placed O at position 4
2025-05-16 20:15:55,807 - Player 2 placed O at position (0, 2)
2025-05-16 20:15:57,632 - Player 1 placed X at position (1, 1)
2025-05-16 20:15:59,161 - Player 2 placed O at position (0, 0)
2025-05-16 20:16:00,771 - Player 1 placed X at position (1, 0)
2025-05-16 20:16:04,626 - Player 1 placed X at position (0, 1)
2025-05-16 20:46:32,879 - Player 2 placed O at position (0, 0)
2025-05-16 20:46:34,316 - Player 1 placed X at position (1, 0)
2025-05-16 20:46:35,332 - Player 2 placed O at position (1, 2)
2025-05-16 20:46:36,657 - Player 1 placed X at position (2, 2)
2025-05-16 20:46:37,573 - Player 2 placed O at position (2, 1)
2025-05-16 20:46:38,726 - Player 1 placed X at position (1, 1)
2025-05-16 20:46:41,256 - Player 2 placed O at position (0, 2)
2025-05-16 20:46:42,321 - Player 1 placed X at position (2, 0)
2025-05-16 20:46:45,754 - Player 1 placed X at position (0, 1)
2025-05-16 20:46:53,607 - AI placed O at position (0, 2)
2025-05-16 20:46:54,499 - Player 1 placed X at position (1, 1)
2025-05-16 20:46:57,428 - AI placed O at position (2, 0)
2025-05-16 20:46:57,948 - Player 1 placed X at position (0, 1)
2025-05-16 20:46:59,369 - AI placed O at position (2, 1)
2025-05-16 20:46:59,884 - Player 1 placed X at position (2, 2)
2025-05-16 20:47:06,132 - AI placed O at position (0, 0)
2025-05-16 20:47:06,635 - Player 1 placed X at position (1, 0)
2025-05-16 20:47:10,146 - Player 1 placed X at position (1, 2)
2025-05-16 20:47:15,625 - AI placed O at position (0, 1)
2025-05-16 20:47:16,813 - Player 1 placed X at position (0, 0)
2025-05-16 20:47:26,393 - AI placed O at position (1, 1)
2025-05-16 20:47:26,925 - Player 1 placed X at position (2, 1)
2025-05-16 20:47:28,266 - AI placed O at position (0, 2)
2025-05-16 20:47:28,773 - Player 1 placed X at position (2, 0)
2025-05-16 20:47:30,455 - AI placed O at position (2, 2)
2025-05-16 20:47:34,914 - AI placed O at position (1, 0)
2025-05-16 20:47:39,055 - AI placed O at position (0, 0)
2025-05-16 20:47:39,975 - Player 1 placed X at position (1, 1)
2025-05-16 20:47:40,405 - AI placed O at position (2, 0)
2025-05-16 20:47:40,920 - Player 1 placed X at position (1, 0)
2025-05-16 20:47:42,125 - AI placed O at position (1, 2)
2025-05-16 20:47:42,633 - Player 1 placed X at position (0, 1)
2025-05-16 20:47:43,929 - AI placed O at position (2, 1)
2025-05-16 20:47:44,430 - Player 1 placed X at position (2, 2)
2025-05-16 20:47:47,620 - Player 1 placed X at position (0, 2)
2025-05-16 20:48:27,181 - AI placed O at position (0, 0)
2025-05-16 20:48:28,082 - Player 1 placed X at position (1, 1)
2025-05-16 20:48:29,909 - AI placed O at position (1, 2)
2025-05-16 20:48:30,433 - Player 1 placed X at position (0, 1)
2025-05-16 20:48:32,464 - AI placed O at position (2, 0)
2025-05-16 20:48:34,529 - AI placed O at position (2, 1)
2025-05-16 20:48:38,898 - AI placed O at position (2, 2)
2025-05-16 20:48:39,849 - Player 1 placed X at position (1, 1)
2025-05-16 20:48:40,313 - AI placed O at position (0, 2)
2025-05-16 20:48:40,827 - Player 1 placed X at position (1, 2)
2025-05-16 20:48:46,498 - AI placed O at position (2, 0)
2025-05-16 20:48:49,213 - AI placed O at position (1, 0)
2025-05-16 20:48:53,070 - AI placed O at position (1, 1)
2025-05-16 20:48:53,946 - Player 1 placed X at position (0, 0)
2025-05-16 20:48:54,786 - AI placed O at position (2, 1)
2025-05-16 20:48:55,294 - Player 1 placed X at position (0, 1)
2025-05-16 20:48:58,217 - AI placed O at position (0, 2)
2025-05-16 20:48:58,723 - Player 1 placed X at position (2, 0)
2025-05-16 20:49:00,144 - AI placed O at position (1, 0)
2025-05-16 20:49:00,653 - Player 1 placed X at position (1, 2)
2025-05-16 20:49:06,014 - Player 1 placed X at position (2, 2)
2025-05-16 21:09:07,189 - AI placed O at position (0, 1)
2025-05-16 21:09:08,102 - Player 1 placed X at position (0, 0)
2025-05-16 21:09:10,498 - AI placed O at position (2, 0)
2025-05-16 21:09:11,029 - Player 1 placed X at position (1, 1)
2025-05-16 21:09:12,578 - AI placed O at position (2, 2)
2025-05-16 21:09:13,091 - Player 1 placed X at position (2, 1)
2025-05-16 21:09:15,001 - AI placed O at position (1, 0)
2025-05-16 21:09:15,511 - Player 1 placed X at position (0, 2)
2025-05-16 21:09:18,973 - Player 1 placed X at position (1, 2)
2025-05-16 21:09:23,097 - AI placed O at position (0, 0)
2025-05-16 21:09:23,943 - Player 1 placed X at position (1, 1)
2025-05-16 21:09:25,831 - AI placed O at position (2, 2)
2025-05-16 21:09:26,351 - Player 1 placed X at position (0, 1)
2025-05-16 21:09:27,579 - AI placed O at position (2, 1)
2025-05-16 21:09:28,087 - Player 1 placed X at position (2, 0)
2025-05-16 21:09:30,236 - AI placed O at position (0, 2)
2025-05-16 21:09:30,743 - Player 1 placed X at position (1, 2)
2025-05-16 21:09:34,073 - Player 1 placed X at position (1, 0)
2025-05-16 21:09:36,675 - AI placed O at position (1, 1)
2025-05-16 21:09:37,621 - Player 1 placed X at position (0, 0)
2025-05-16 21:09:41,453 - AI placed O at position (2, 1)
2025-05-16 21:09:41,967 - Player 1 placed X at position (0, 1)
2025-05-16 21:09:43,136 - AI placed O at position (0, 2)
2025-05-16 21:09:43,638 - Player 1 placed X at position (2, 0)
2025-05-16 21:09:47,102 - AI placed O at position (1, 2)
2025-05-16 21:09:55,889 - AI placed O at position (1, 0)
2025-05-16 21:10:04,087 - AI placed O at position (2, 0)
2025-05-16 21:10:05,093 - Player 1 placed X at position (1, 1)
2025-05-16 21:10:07,089 - AI placed O at position (0, 0)
2025-05-16 21:10:07,612 - Player 1 placed X at position (1, 0)
2025-05-16 21:10:09,021 - AI placed O at position (1, 2)
2025-05-16 21:10:09,533 - Player 1 placed X at position (0, 1)
2025-05-16 21:10:10,813 - AI placed O at position (2, 1)
2025-05-16 21:10:11,321 - Player 1 placed X at position (2, 2)
2025-05-16 21:10:15,423 - Player 1 placed X at position (0, 2)
2025-05-16 21:10:18,264 - AI placed O at position (1, 1)
2025-05-16 21:10:19,210 - Player 1 placed X at position (0, 0)
2025-05-16 21:10:20,807 - AI placed O at position (2, 0)
2025-05-16 21:10:21,322 - Player 1 placed X at position (0, 2)
2025-05-16 21:10:22,567 - AI placed O at position (2, 2)
2025-05-16 21:10:24,883 - AI placed O at position (0, 1)
2025-05-16 21:10:28,638 - AI placed O at position (2, 0)
2025-05-16 21:10:29,500 - Player 1 placed X at position (1, 1)
2025-05-16 21:10:33,913 - AI placed O at position (2, 1)
2025-05-16 21:10:34,427 - Player 1 placed X at position (2, 2)
2025-05-16 21:10:36,023 - AI placed O at position (0, 0)
2025-05-16 21:10:36,524 - Player 1 placed X at position (1, 0)
2025-05-16 21:10:37,657 - AI placed O at position (1, 2)
2025-05-16 21:10:38,161 - Player 1 placed X at position (0, 1)
2025-05-16 21:10:40,917 - Player 1 placed X at position (0, 2)
2025-05-16 21:10:43,548 - AI placed O at position (1, 0)
2025-05-16 21:10:44,457 - Player 1 placed X at position (0, 0)
2025-05-16 21:10:45,507 - AI placed O at position (2, 1)
2025-05-16 21:10:46,049 - Player 1 placed X at position (0, 2)
2025-05-16 21:10:47,465 - AI placed O at position (0, 1)
2025-05-16 21:10:47,977 - Player 1 placed X at position (1, 1)
2025-05-16 21:10:49,648 - AI placed O at position (2, 0)
2025-05-16 21:10:53,555 - AI placed O at position (2, 2)
2025-05-16 21:10:56,943 - AI placed O at position (0, 0)
2025-05-16 21:10:57,818 - Player 1 placed X at position (1, 1)
2025-05-16 21:10:58,941 - AI placed O at position (2, 2)
2025-05-16 21:10:59,474 - Player 1 placed X at position (0, 1)
2025-05-16 21:11:00,637 - AI placed O at position (2, 1)
2025-05-16 21:11:01,145 - Player 1 placed X at position (2, 0)
2025-05-16 21:11:02,517 - AI placed O at position (0, 2)
2025-05-16 21:11:03,027 - Player 1 placed X at position (1, 2)
2025-05-16 21:11:05,386 - Player 1 placed X at position (1, 0)
2025-05-16 21:11:08,268 - AI placed O at position (1, 1)
2025-05-16 21:11:09,118 - Player 1 placed X at position (0, 0)
2025-05-16 21:11:18,978 - AI placed O at position (1, 0)
2025-05-16 21:11:19,512 - Player 1 placed X at position (1, 2)
2025-05-16 21:11:33,456 - AI placed O at position (2, 1)
2025-05-16 21:11:33,974 - Player 1 placed X at position (0, 1)
2025-05-16 21:11:35,214 - AI placed O at position (0, 2)
2025-05-16 21:11:35,717 - Player 1 placed X at position (2, 0)
2025-05-16 21:11:38,052 - Player 1 placed X at position (2, 2)
2025-05-16 21:11:41,641 - AI placed O at position (1, 1)
2025-05-16 21:11:42,649 - Player 1 placed X at position (0, 0)
2025-05-16 21:11:44,110 - AI placed O at position (2, 0)
2025-05-16 21:11:44,637 - Player 1 placed X at position (0, 2)
2025-05-16 21:11:45,336 - AI placed O at position (0, 1)
2025-05-16 21:11:45,838 - Player 1 placed X at position (2, 1)
2025-05-16 21:11:46,733 - AI placed O at position (2, 2)
2025-05-16 21:11:47,234 - Player 1 placed X at position (1, 0)
2025-05-16 21:11:49,615 - Player 1 placed X at position (1, 2)
2025-05-16 21:11:52,491 - AI placed O at position (2, 0)
2025-05-16 21:11:53,393 - Player 1 placed X at position (1, 1)
2025-05-16 21:12:00,994 - AI placed O at position (2, 1)
2025-05-16 21:12:02,140 - Player 1 placed X at position (0, 1)
2025-05-16 21:12:06,184 - AI placed O at position (2, 0)
2025-05-16 21:12:07,033 - Player 1 placed X at position (1, 1)
2025-05-16 21:12:10,473 - AI placed O at position (2, 2)
2025-05-16 21:12:11,309 - Player 1 placed X at position (1, 1)
2025-05-16 21:12:16,873 - AI placed O at position (0, 0)
2025-05-16 21:12:17,714 - Player 1 placed X at position (1, 1)
2025-05-16 21:12:20,877 - AI placed O at position (0, 2)
2025-05-16 21:12:21,709 - Player 1 placed X at position (1, 1)
2025-05-16 21:12:26,540 - AI placed O at position (0, 1)
2025-05-16 21:12:27,407 - Player 1 placed X at position (0, 0)
2025-05-16 21:12:29,533 - AI placed O at position (2, 0)
2025-05-16 21:12:30,059 - Player 1 placed X at position (1, 1)
2025-05-16 21:12:31,327 - AI placed O at position (2, 2)
2025-05-16 21:12:31,836 - Player 1 placed X at position (2, 1)
2025-05-16 21:12:33,399 - AI placed O at position (0, 2)
2025-05-16 21:12:33,900 - Player 1 placed X at position (1, 2)
2025-05-16 21:12:36,244 - Player 1 placed X at position (1, 0)
2025-05-16 21:12:39,010 - AI placed O at position (0, 1)
2025-05-16 21:12:39,861 - Player 1 placed X at position (0, 0)
2025-05-16 21:12:42,730 - AI placed O at position (2, 1)
2025-05-16 21:12:43,630 - Player 1 placed X at position (0, 1)
2025-05-16 21:12:48,143 - AI placed O at position (0, 1)
2025-05-16 21:12:48,986 - Player 1 placed X at position (0, 0)
2025-05-16 21:12:51,749 - AI placed O at position (2, 1)
2025-05-16 21:12:52,613 - Player 1 placed X at position (0, 1)
2025-05-16 21:12:55,691 - AI placed O at position (0, 1)
2025-05-16 21:12:56,613 - Player 1 placed X at position (0, 0)
2025-05-16 21:12:58,821 - AI placed O at position (2, 1)
2025-05-16 21:12:59,691 - Player 1 placed X at position (0, 1)
2025-05-16 21:13:02,719 - AI placed O at position (1, 2)
2025-05-16 21:13:03,609 - Player 1 placed X at position (0, 2)
2025-05-16 21:13:07,812 - AI placed O at position (1, 2)
2025-05-16 21:13:08,750 - Player 1 placed X at position (0, 2)
2025-05-16 21:13:14,028 - AI placed O at position (1, 0)
2025-05-16 21:13:14,917 - Player 1 placed X at position (0, 0)
2025-05-16 21:13:19,184 - AI placed O at position (1, 1)
2025-05-16 21:13:20,004 - Player 1 placed X at position (0, 0)
2025-05-16 21:13:20,987 - AI placed O at position (2, 0)
2025-05-16 21:13:21,513 - Player 1 placed X at position (0, 2)
2025-05-16 21:13:24,328 - AI placed O at position (0, 1)
2025-05-16 21:13:24,830 - Player 1 placed X at position (2, 1)
2025-05-16 21:13:26,080 - AI placed O at position (1, 0)
2025-05-16 21:13:26,590 - Player 1 placed X at position (1, 2)
2025-05-16 21:13:29,086 - Player 1 placed X at position (2, 2)
